
Usuário eliminado.


Usuário criado.

antigo   1: ALTER USER hr DEFAULT TABLESPACE &tbs
novo   1: ALTER USER hr DEFAULT TABLESPACE users
antigo   2:               QUOTA UNLIMITED ON &tbs
novo   2:               QUOTA UNLIMITED ON users

Usuário alterado.

antigo   1: ALTER USER hr TEMPORARY TABLESPACE &ttbs
novo   1: ALTER USER hr TEMPORARY TABLESPACE temp

Usuário alterado.


Concessão bem-sucedida.


Concessão bem-sucedida.

Conectado.
from v$instance
     *
ERRO na linha 2:
ORA-00942: a tabela ou view não existe 


USER é "HR"

Session altered.


Session altered.

******  Creating REGIONS table ....

Table created.


Index created.


Table altered.

******  Creating COUNTRIES table ....

Table created.


Table altered.

******  Creating LOCATIONS table ....

Table created.


Index created.


Table altered.


Sequence created.

******  Creating DEPARTMENTS table ....

Table created.


Index created.


Table altered.


Sequence created.

******  Creating JOBS table ....

Table created.


Index created.


Table altered.

******  Creating EMPLOYEES table ....

Table created.


Index created.


Table altered.


Table altered.


Sequence created.

******  Creating JOB_HISTORY table ....

Table created.


Index created.


Table altered.

******  Creating EMP_DETAILS_VIEW view ...

View created.


Commit complete.


Session altered.

******  Populating REGIONS table ....

1 row created.


1 row created.


1 row created.


1 row created.

******  Populating COUNTIRES table ....

1 row created.


1 row created.


1 row created.


1 row created.


1 row created.


1 row created.


1 row created.


1 row created.


1 row created.


1 row created.


1 row created.


1 row created.


1 row created.


1 row created.


1 row created.


1 row created.


1 row created.


1 row created.


1 row created.


1 row created.


1 row created.


1 row created.


1 row created.


1 row created.


1 row created.

******  Populating LOCATIONS table ....

1 row created.


1 row created.


1 row created.


1 row created.


1 row created.


1 row created.


1 row created.


1 row created.


1 row created.


1 row created.


1 row created.


1 row created.


1 row created.


1 row created.


1 row created.


1 row created.


1 row created.


1 row created.


1 row created.


1 row created.


1 row created.


1 row created.


1 row created.

******  Populating DEPARTMENTS table ....

Table altered.


1 row created.


1 row created.


1 row created.


1 row created.


1 row created.


1 row created.


1 row created.


1 row created.


1 row created.


1 row created.


1 row created.


1 row created.


1 row created.


1 row created.


1 row created.


1 row created.


1 row created.


1 row created.


1 row created.


1 row created.


1 row created.


1 row created.


1 row created.


1 row created.


1 row created.


1 row created.


1 row created.

******  Populating JOBS table ....

1 row created.


1 row created.


1 row created.


1 row created.


1 row created.


1 row created.


1 row created.


1 row created.


1 row created.


1 row created.


1 row created.


1 row created.


1 row created.


1 row created.


1 row created.


1 row created.


1 row created.


1 row created.


1 row created.

******  Populating EMPLOYEES table ....

1 row created.


1 row created.


1 row created.


1 row created.


1 row created.


1 row created.


1 row created.


1 row created.


1 row created.


1 row created.


1 row created.


1 row created.


1 row created.


1 row created.


1 row created.


1 row created.


1 row created.


1 row created.


1 row created.


1 row created.


1 row created.


1 row created.


1 row created.


1 row created.


1 row created.


1 row created.


1 row created.


1 row created.


1 row created.


1 row created.


1 row created.


1 row created.


1 row created.


1 row created.


1 row created.


1 row created.


1 row created.


1 row created.


1 row created.


1 row created.


1 row created.


1 row created.


1 row created.


1 row created.


1 row created.


1 row created.


1 row created.


1 row created.


1 row created.


1 row created.


1 row created.


1 row created.


1 row created.


1 row created.


1 row created.


1 row created.


1 row created.


1 row created.


1 row created.


1 row created.


1 row created.


1 row created.


1 row created.


1 row created.


1 row created.


1 row created.


1 row created.


1 row created.


1 row created.


1 row created.


1 row created.


1 row created.


1 row created.


1 row created.


1 row created.


1 row created.


1 row created.


1 row created.


1 row created.


1 row created.


1 row created.


1 row created.


1 row created.


1 row created.


1 row created.


1 row created.


1 row created.


1 row created.


1 row created.


1 row created.


1 row created.


1 row created.


1 row created.


1 row created.


1 row created.


1 row created.


1 row created.


1 row created.


1 row created.


1 row created.


1 row created.


1 row created.


1 row created.


1 row created.


1 row created.


1 row created.


1 row created.

******  Populating JOB_HISTORY table ....

1 row created.


1 row created.


1 row created.


1 row created.


1 row created.


1 row created.


1 row created.


1 row created.


1 row created.


1 row created.


Table altered.


Commit complete.

