IFRDBA on bdsede132 >select namespace, pins, pinhits, pinhitratio, reloads, reloads
  2  /decode(pins,0,1,pins) reloadratio
  3  from v$librarycache;
Seg Mar 03                                                           página    1
                        Shared Pool Library Cache Usage

                                                    Hit            Reload       
Entity                  Executions          Hits  Ratio   Reloads   Ratio       
--------------------  ------------  ------------  -----  --------  ------       
SQL AREA                81,364,175    77,383,219    .95   839,973   .0103       
TABLE/PROCEDURE         51,627,396    51,401,567   1.00    66,530   .0013       
BODY                     3,780,281     3,779,019   1.00       628   .0002       
TRIGGER                  3,628,200     3,626,803   1.00       917   .0003       
INDEX                       95,664        88,916    .93       521   .0054       
CLUSTER                    313,311       313,239   1.00        38   .0001       
OBJECT                           0             0   1.00         0   .0000       
PIPE                             0             0   1.00         0   .0000       
JAVA SOURCE                      0             0   1.00         0   .0000       
JAVA RESOURCE                    0             0   1.00         0   .0000       
JAVA DATA                        0             0   1.00         0   .0000       

11 linhas selecionadas.

IFRDBA on bdsede132 >
IFRDBA on bdsede132 >col value for 999,999,999,999 heading "Shared Pool Size"
IFRDBA on bdsede132 >col bytes for 999,999,999,999 heading "Free Bytes"
IFRDBA on bdsede132 >select to_number(v$parameter.value) value, v$sgastat.bytes,
  2  (v$sgastat.bytes/v$parameter.value)*100 "Percent Free"
  3  from v$sgastat, v$parameter
  4  where v$sgastat.name = 'free memory'
  5  and v$parameter.name = 'shared_pool_size'
  6  and v$sgastat.pool = 'shared pool'
  7  /
Seg Mar 03                                                           página    1
                        Shared Pool Library Cache Usage

Shared Pool Size        Free Bytes  Percent Free                                
----------------  ----------------  ------------                                
     167,772,160     2,420,923,584           ###                                

IFRDBA on bdsede132 >
IFRDBA on bdsede132 >
IFRDBA on bdsede132 >
IFRDBA on bdsede132 >select sum(ksmchsiz) Bytes, ksmchcls Status
  2  from x$ksmsp
  3  group by ksmchcls;
from x$ksmsp
     *
ERRO na linha 2:
ORA-00942: table or view does not exist 


IFRDBA on bdsede132 >select sum(ksmchsiz) Bytes, ksmchcls Status
  2  from sys.x$ksmsp
  3  group by ksmchcls
  4  /
from sys.x$ksmsp
         *
ERRO na linha 2:
ORA-00942: table or view does not exist 


IFRDBA on bdsede132 >exit
