IFRDBA no BDSEDE122 >@D:/SYN_VAX_RDB.SQL
IFRDBA no BDSEDE122 >VAX_RDB no BDSEDE122 >/
SP2-0734: início de comando desconhecido "VAX_RDB no..." - restante da linha ignorado.
IFRDBA no BDSEDE122 >
IFRDBA no BDSEDE122 >'CREATEPUBLICSYNONYM'||TABLE_NAME||'FORVAX_RDB.'||TABLE_NAME||';'
SP2-0734: início de comando desconhecido "'CREATEPUB..." - restante da linha ignorado.
IFRDBA no BDSEDE122 >------------------------------------------------------------------------------------------------
IFRDBA no BDSEDE122 >CREATE PUBLIC SYNONYM DOC_TABS_RDB_VAX FOR VAX_RDB.DOC_TABS_RDB_VAX;

Sinônimo criado.

IFRDBA no BDSEDE122 >CREATE PUBLIC SYNONYM POSICAO_EMPREGADO_PAGAMENTO FOR VAX_RDB.POSICAO_EMPREGADO_PAGAMENTO;
CREATE PUBLIC SYNONYM POSICAO_EMPREGADO_PAGAMENTO FOR VAX_RDB.POSICAO_EMPREGADO_PAGAMENTO
                      *
ERRO na linha 1:
ORA-00955: name is already used by an existing object 


IFRDBA no BDSEDE122 >CREATE PUBLIC SYNONYM TABELAS FOR VAX_RDB.TABELAS;
CREATE PUBLIC SYNONYM TABELAS FOR VAX_RDB.TABELAS
                      *
ERRO na linha 1:
ORA-00955: name is already used by an existing object 


IFRDBA no BDSEDE122 >CREATE PUBLIC SYNONYM USER_HIST_AFAST_EMPREGADO FOR VAX_RDB.USER_HIST_AFAST_EMPREGADO;

Sinônimo criado.

IFRDBA no BDSEDE122 >CREATE PUBLIC SYNONYM TAB_EFETIVO_DEPENDENCIA FOR VAX_RDB.TAB_EFETIVO_DEPENDENCIA;

Sinônimo criado.

IFRDBA no BDSEDE122 >CREATE PUBLIC SYNONYM TAB_DEPENDENCIAS_INFRAERO FOR VAX_RDB.TAB_DEPENDENCIAS_INFRAERO;

Sinônimo criado.

IFRDBA no BDSEDE122 >CREATE PUBLIC SYNONYM VALOR_EXTRA_SIPAG FOR VAX_RDB.VALOR_EXTRA_SIPAG;

Sinônimo criado.

IFRDBA no BDSEDE122 >CREATE PUBLIC SYNONYM VAGA_ESTAGIO FOR VAX_RDB.VAGA_ESTAGIO;

Sinônimo criado.

IFRDBA no BDSEDE122 >CREATE PUBLIC SYNONYM USUARIOS FOR VAX_RDB.USUARIOS;
CREATE PUBLIC SYNONYM USUARIOS FOR VAX_RDB.USUARIOS
                      *
ERRO na linha 1:
ORA-00955: name is already used by an existing object 


IFRDBA no BDSEDE122 >CREATE PUBLIC SYNONYM TASA_SALARIO FOR VAX_RDB.TASA_SALARIO;

Sinônimo criado.

IFRDBA no BDSEDE122 >CREATE PUBLIC SYNONYM TASA_QTDE FOR VAX_RDB.TASA_QTDE;

Sinônimo criado.

IFRDBA no BDSEDE122 >CREATE PUBLIC SYNONYM TASA_CARGOS FOR VAX_RDB.TASA_CARGOS;

Sinônimo criado.

IFRDBA no BDSEDE122 >CREATE PUBLIC SYNONYM TAB_VALOR_FUNCAO_CONFIANCA FOR VAX_RDB.TAB_VALOR_FUNCAO_CONFIANCA;

Sinônimo criado.

IFRDBA no BDSEDE122 >CREATE PUBLIC SYNONYM TAB_VALOR_EXTRA_SIPAG FOR VAX_RDB.TAB_VALOR_EXTRA_SIPAG;

Sinônimo criado.

IFRDBA no BDSEDE122 >CREATE PUBLIC SYNONYM TASA_INFRA FOR VAX_RDB.TASA_INFRA;

Sinônimo criado.

IFRDBA no BDSEDE122 >CREATE PUBLIC SYNONYM TAB_VALOR_PROF FOR VAX_RDB.TAB_VALOR_PROF;

Sinônimo criado.

IFRDBA no BDSEDE122 >CREATE PUBLIC SYNONYM TAB_RUBRICA_BENEFICIO_INSS FOR VAX_RDB.TAB_RUBRICA_BENEFICIO_INSS;

Sinônimo criado.

IFRDBA no BDSEDE122 >CREATE PUBLIC SYNONYM TAB_RESTRICAO_INTEGRIDADE FOR VAX_RDB.TAB_RESTRICAO_INTEGRIDADE;

Sinônimo criado.

IFRDBA no BDSEDE122 >CREATE PUBLIC SYNONYM TAB_URV FOR VAX_RDB.TAB_URV;

Sinônimo criado.

IFRDBA no BDSEDE122 >CREATE PUBLIC SYNONYM TASA_CARGO FOR VAX_RDB.TASA_CARGO;

Sinônimo criado.

IFRDBA no BDSEDE122 >CREATE PUBLIC SYNONYM TAB_TABELAS_CAFOR FOR VAX_RDB.TAB_TABELAS_CAFOR;

Sinônimo criado.

IFRDBA no BDSEDE122 >CREATE PUBLIC SYNONYM TAB_TABELAS FOR VAX_RDB.TAB_TABELAS;

Sinônimo criado.

IFRDBA no BDSEDE122 >CREATE PUBLIC SYNONYM TAB_SALARIO_PCCS FOR VAX_RDB.TAB_SALARIO_PCCS;

Sinônimo criado.

IFRDBA no BDSEDE122 >CREATE PUBLIC SYNONYM TAB_SITUACAO_FUNCION_EMPREGADO FOR VAX_RDB.TAB_SITUACAO_FUNCION_EMPREGADO;

Sinônimo criado.

IFRDBA no BDSEDE122 >CREATE PUBLIC SYNONYM TAB_PENSAO_EMPREGADO FOR VAX_RDB.TAB_PENSAO_EMPREGADO;

Sinônimo criado.

IFRDBA no BDSEDE122 >CREATE PUBLIC SYNONYM TAB_PENALIDADE_FORNECEDOR FOR VAX_RDB.TAB_PENALIDADE_FORNECEDOR;

Sinônimo criado.

IFRDBA no BDSEDE122 >CREATE PUBLIC SYNONYM TAB_VALOR_MED FOR VAX_RDB.TAB_VALOR_MED;

Sinônimo criado.

IFRDBA no BDSEDE122 >CREATE PUBLIC SYNONYM TAB_UNIDADE_FEDERACAO FOR VAX_RDB.TAB_UNIDADE_FEDERACAO;

Sinônimo criado.

IFRDBA no BDSEDE122 >CREATE PUBLIC SYNONYM TAB_PROPOSTA_PROMOCAO FOR VAX_RDB.TAB_PROPOSTA_PROMOCAO;

Sinônimo criado.

IFRDBA no BDSEDE122 >CREATE PUBLIC SYNONYM TAB_PESOS_ITENS_FORM_AVALIACAO FOR VAX_RDB.TAB_PESOS_ITENS_FORM_AVALIACAO;

Sinônimo criado.

IFRDBA no BDSEDE122 >CREATE PUBLIC SYNONYM TAB_PAISES FOR VAX_RDB.TAB_PAISES;

Sinônimo criado.

IFRDBA no BDSEDE122 >CREATE PUBLIC SYNONYM TAB_NIVEL_ATUACAO_EMPREGADO FOR VAX_RDB.TAB_NIVEL_ATUACAO_EMPREGADO;

Sinônimo criado.

IFRDBA no BDSEDE122 >CREATE PUBLIC SYNONYM TAB_NIVEL_ATUACAO_EMPR_DONA FOR VAX_RDB.TAB_NIVEL_ATUACAO_EMPR_DONA;

Sinônimo criado.

IFRDBA no BDSEDE122 >CREATE PUBLIC SYNONYM TAB_PERIODOS_ESTAGIO FOR VAX_RDB.TAB_PERIODOS_ESTAGIO;

Sinônimo criado.

IFRDBA no BDSEDE122 >CREATE PUBLIC SYNONYM TAB_ORGAO_CLASSE FOR VAX_RDB.TAB_ORGAO_CLASSE;

Sinônimo criado.

IFRDBA no BDSEDE122 >CREATE PUBLIC SYNONYM TAB_NOME_TABELA FOR VAX_RDB.TAB_NOME_TABELA;

Sinônimo criado.

IFRDBA no BDSEDE122 >CREATE PUBLIC SYNONYM TAB_PROCED_LICITATORIO FOR VAX_RDB.TAB_PROCED_LICITATORIO;

Sinônimo criado.

IFRDBA no BDSEDE122 >CREATE PUBLIC SYNONYM TAB_NIVEL_PADRAO_EMPREGADO FOR VAX_RDB.TAB_NIVEL_PADRAO_EMPREGADO;

Sinônimo criado.

IFRDBA no BDSEDE122 >CREATE PUBLIC SYNONYM TAB_INDICES_ECONOMICOS FOR VAX_RDB.TAB_INDICES_ECONOMICOS;

Sinônimo criado.

IFRDBA no BDSEDE122 >CREATE PUBLIC SYNONYM TAB_INDICE_REAJUSTE_MATERIAL FOR VAX_RDB.TAB_INDICE_REAJUSTE_MATERIAL;

Sinônimo criado.

IFRDBA no BDSEDE122 >CREATE PUBLIC SYNONYM TAB_NIVEL_PCCS_EMPREGADO FOR VAX_RDB.TAB_NIVEL_PCCS_EMPREGADO;

Sinônimo criado.

IFRDBA no BDSEDE122 >CREATE PUBLIC SYNONYM TAB_LOCALIDADES FOR VAX_RDB.TAB_LOCALIDADES;

Sinônimo criado.

IFRDBA no BDSEDE122 >CREATE PUBLIC SYNONYM TAB_ORGAOS_PUBLICOS FOR VAX_RDB.TAB_ORGAOS_PUBLICOS;

Sinônimo criado.

IFRDBA no BDSEDE122 >CREATE PUBLIC SYNONYM TAB_LOCAL_TRABALHO_DONA_MAER FOR VAX_RDB.TAB_LOCAL_TRABALHO_DONA_MAER;

Sinônimo criado.

IFRDBA no BDSEDE122 >CREATE PUBLIC SYNONYM TAB_LOTACAO_EMPREGADO FOR VAX_RDB.TAB_LOTACAO_EMPREGADO;

Sinônimo criado.

IFRDBA no BDSEDE122 >CREATE PUBLIC SYNONYM TAB_FASE_PROCESSUAL_FORNECEDOR FOR VAX_RDB.TAB_FASE_PROCESSUAL_FORNECEDOR;

Sinônimo criado.

IFRDBA no BDSEDE122 >CREATE PUBLIC SYNONYM TAB_FAIX_APOS_EXPOS_AGT_NOCIVO FOR VAX_RDB.TAB_FAIX_APOS_EXPOS_AGT_NOCIVO;

Sinônimo criado.

IFRDBA no BDSEDE122 >CREATE PUBLIC SYNONYM TAB_ITEM_FORNECIMENTO FOR VAX_RDB.TAB_ITEM_FORNECIMENTO;

Sinônimo criado.

IFRDBA no BDSEDE122 >CREATE PUBLIC SYNONYM TAB_HORARIO_TRABALHO_EMPREGADO FOR VAX_RDB.TAB_HORARIO_TRABALHO_EMPREGADO;

Sinônimo criado.

IFRDBA no BDSEDE122 >CREATE PUBLIC SYNONYM TAB_LIMITES_LICITACAO FOR VAX_RDB.TAB_LIMITES_LICITACAO;

Sinônimo criado.

IFRDBA no BDSEDE122 >CREATE PUBLIC SYNONYM TAB_GRUPO_DEPENDENCIA FOR VAX_RDB.TAB_GRUPO_DEPENDENCIA;

Sinônimo criado.

IFRDBA no BDSEDE122 >CREATE PUBLIC SYNONYM TAB_FUNDAMENTO_LEGAL_LICITACAO FOR VAX_RDB.TAB_FUNDAMENTO_LEGAL_LICITACAO;

Sinônimo criado.

IFRDBA no BDSEDE122 >CREATE PUBLIC SYNONYM TAB_FORMULARIO_AVAL_EMPREGADO FOR VAX_RDB.TAB_FORMULARIO_AVAL_EMPREGADO;

Sinônimo criado.

IFRDBA no BDSEDE122 >CREATE PUBLIC SYNONYM TAB_GRUPO_CLASSE_FORNECIMENTO FOR VAX_RDB.TAB_GRUPO_CLASSE_FORNECIMENTO;

Sinônimo criado.

IFRDBA no BDSEDE122 >CREATE PUBLIC SYNONYM TAB_FUNCAO_CONFIANCA_EMPREGADO FOR VAX_RDB.TAB_FUNCAO_CONFIANCA_EMPREGADO;

Sinônimo criado.

IFRDBA no BDSEDE122 >CREATE PUBLIC SYNONYM TAB_ESTABILIDADE_EMPREGADO FOR VAX_RDB.TAB_ESTABILIDADE_EMPREGADO;

Sinônimo criado.

IFRDBA no BDSEDE122 >CREATE PUBLIC SYNONYM TAB_DESEMPENHO_FORNECEDOR FOR VAX_RDB.TAB_DESEMPENHO_FORNECEDOR;

Sinônimo criado.

IFRDBA no BDSEDE122 >CREATE PUBLIC SYNONYM TAB_DEPARA_CENTRO_CUSTOS FOR VAX_RDB.TAB_DEPARA_CENTRO_CUSTOS;

Sinônimo criado.

IFRDBA no BDSEDE122 >CREATE PUBLIC SYNONYM TAB_DIAS_UTEIS FOR VAX_RDB.TAB_DIAS_UTEIS;

Sinônimo criado.

IFRDBA no BDSEDE122 >CREATE PUBLIC SYNONYM TAB_ESPECIE_BENEFICIO_INSS FOR VAX_RDB.TAB_ESPECIE_BENEFICIO_INSS;

Sinônimo criado.

IFRDBA no BDSEDE122 >CREATE PUBLIC SYNONYM TAB_CURSOS_PROFISS_INFRAERO FOR VAX_RDB.TAB_CURSOS_PROFISS_INFRAERO;

Sinônimo criado.

IFRDBA no BDSEDE122 >CREATE PUBLIC SYNONYM TAB_CARACTERISTICA_EMPREGADO FOR VAX_RDB.TAB_CARACTERISTICA_EMPREGADO;

Sinônimo criado.

IFRDBA no BDSEDE122 >CREATE PUBLIC SYNONYM TAB_CARGOS_INFRAERO FOR VAX_RDB.TAB_CARGOS_INFRAERO;

Sinônimo criado.

IFRDBA no BDSEDE122 >CREATE PUBLIC SYNONYM TAB_EDITAL_CONCURSO_PUBLICO FOR VAX_RDB.TAB_EDITAL_CONCURSO_PUBLICO;

Sinônimo criado.

IFRDBA no BDSEDE122 >CREATE PUBLIC SYNONYM TAB_CENTRO_CUSTOS FOR VAX_RDB.TAB_CENTRO_CUSTOS;

Sinônimo criado.

IFRDBA no BDSEDE122 >CREATE PUBLIC SYNONYM TAB_CONCURSO_PUBLICO FOR VAX_RDB.TAB_CONCURSO_PUBLICO;

Sinônimo criado.

IFRDBA no BDSEDE122 >CREATE PUBLIC SYNONYM TAB_AREAS_ATUACAO FOR VAX_RDB.TAB_AREAS_ATUACAO;

Sinônimo criado.

IFRDBA no BDSEDE122 >CREATE PUBLIC SYNONYM TAB_AFASTAMENTO_EMPREGADO FOR VAX_RDB.TAB_AFASTAMENTO_EMPREGADO;

Sinônimo criado.

IFRDBA no BDSEDE122 >CREATE PUBLIC SYNONYM TAB_ATO_OFICIAL FOR VAX_RDB.TAB_ATO_OFICIAL;

Sinônimo criado.

IFRDBA no BDSEDE122 >CREATE PUBLIC SYNONYM TAB_CONTRATACAO_EMPREGADO FOR VAX_RDB.TAB_CONTRATACAO_EMPREGADO;

Sinônimo criado.

IFRDBA no BDSEDE122 >CREATE PUBLIC SYNONYM TAB_CONCEITO_AVALIACAO FOR VAX_RDB.TAB_CONCEITO_AVALIACAO;

Sinônimo criado.

IFRDBA no BDSEDE122 >CREATE PUBLIC SYNONYM TAB_BANCOS_INFRAERO FOR VAX_RDB.TAB_BANCOS_INFRAERO;

Sinônimo criado.

IFRDBA no BDSEDE122 >CREATE PUBLIC SYNONYM TAB_ATIVIDADES_CARGO FOR VAX_RDB.TAB_ATIVIDADES_CARGO;

Sinônimo criado.

IFRDBA no BDSEDE122 >CREATE PUBLIC SYNONYM TAB_AGENCIAS_BANCARIAS FOR VAX_RDB.TAB_AGENCIAS_BANCARIAS;

Sinônimo criado.

IFRDBA no BDSEDE122 >CREATE PUBLIC SYNONYM TAB_ANOTACOES_EMPREGADO FOR VAX_RDB.TAB_ANOTACOES_EMPREGADO;

Sinônimo criado.

IFRDBA no BDSEDE122 >CREATE PUBLIC SYNONYM TAB_AGENCIA_PENSIONISTA_EMPR FOR VAX_RDB.TAB_AGENCIA_PENSIONISTA_EMPR;

Sinônimo criado.

IFRDBA no BDSEDE122 >CREATE PUBLIC SYNONYM SALDO_FGTS_PAGAMENTO FOR VAX_RDB.SALDO_FGTS_PAGAMENTO;

Sinônimo criado.

IFRDBA no BDSEDE122 >CREATE PUBLIC SYNONYM RESTRICAO_INTEGRIDADE_EVENTO FOR VAX_RDB.RESTRICAO_INTEGRIDADE_EVENTO;

Sinônimo criado.

IFRDBA no BDSEDE122 >CREATE PUBLIC SYNONYM RESPONSAVEL_LEGAL_FORNECEDOR FOR VAX_RDB.RESPONSAVEL_LEGAL_FORNECEDOR;

Sinônimo criado.

IFRDBA no BDSEDE122 >CREATE PUBLIC SYNONYM REPRESENTANTE_CREDENCIADO FOR VAX_RDB.REPRESENTANTE_CREDENCIADO;

Sinônimo criado.

IFRDBA no BDSEDE122 >CREATE PUBLIC SYNONYM REPRESEN_CREDENCIADO_FORNECEDO FOR VAX_RDB.REPRESEN_CREDENCIADO_FORNECEDO;

Sinônimo criado.

IFRDBA no BDSEDE122 >CREATE PUBLIC SYNONYM PROVISOES_EMPREGADO FOR VAX_RDB.PROVISOES_EMPREGADO;

Sinônimo criado.

IFRDBA no BDSEDE122 >CREATE PUBLIC SYNONYM PROPOSTA_PROMOCAO_EMPREGADO FOR VAX_RDB.PROPOSTA_PROMOCAO_EMPREGADO;

Sinônimo criado.

IFRDBA no BDSEDE122 >CREATE PUBLIC SYNONYM PROJECAO_MOVIMENTO_PAGAMENTO FOR VAX_RDB.PROJECAO_MOVIMENTO_PAGAMENTO;

Sinônimo criado.

IFRDBA no BDSEDE122 >CREATE PUBLIC SYNONYM PARTICIPANTES_ARSAPREV FOR VAX_RDB.PARTICIPANTES_ARSAPREV;

Sinônimo criado.

IFRDBA no BDSEDE122 >CREATE PUBLIC SYNONYM HIST_DEPENDENCIAS_INFRAERO FOR VAX_RDB.HIST_DEPENDENCIAS_INFRAERO;

Sinônimo criado.

IFRDBA no BDSEDE122 >CREATE PUBLIC SYNONYM LOG_EMPREGADO FOR VAX_RDB.LOG_EMPREGADO;

Sinônimo criado.

IFRDBA no BDSEDE122 >CREATE PUBLIC SYNONYM ESTABILIDADE_EMPREGADO FOR VAX_RDB.ESTABILIDADE_EMPREGADO;

Sinônimo criado.

IFRDBA no BDSEDE122 >CREATE PUBLIC SYNONYM ENCARGOS_PGTO_AUTONOMOS FOR VAX_RDB.ENCARGOS_PGTO_AUTONOMOS;

Sinônimo criado.

IFRDBA no BDSEDE122 >CREATE PUBLIC SYNONYM ESTAGIO FOR VAX_RDB.ESTAGIO;

Sinônimo criado.

IFRDBA no BDSEDE122 >CREATE PUBLIC SYNONYM FORNECEDOR FOR VAX_RDB.FORNECEDOR;
CREATE PUBLIC SYNONYM FORNECEDOR FOR VAX_RDB.FORNECEDOR
                      *
ERRO na linha 1:
ORA-00955: name is already used by an existing object 


IFRDBA no BDSEDE122 >CREATE PUBLIC SYNONYM ESTAGIARIO FOR VAX_RDB.ESTAGIARIO;

Sinônimo criado.

IFRDBA no BDSEDE122 >CREATE PUBLIC SYNONYM FILIAL_FORNECEDOR FOR VAX_RDB.FILIAL_FORNECEDOR;

Sinônimo criado.

IFRDBA no BDSEDE122 >CREATE PUBLIC SYNONYM EMPREGADO_IMPEDIDO_PROMOVIDO FOR VAX_RDB.EMPREGADO_IMPEDIDO_PROMOVIDO;

Sinônimo criado.

IFRDBA no BDSEDE122 >CREATE PUBLIC SYNONYM EMPREGADO FOR VAX_RDB.EMPREGADO;
CREATE PUBLIC SYNONYM EMPREGADO FOR VAX_RDB.EMPREGADO
                      *
ERRO na linha 1:
ORA-00955: name is already used by an existing object 


IFRDBA no BDSEDE122 >CREATE PUBLIC SYNONYM EMPREGADO_CONCURSADO_AUX FOR VAX_RDB.EMPREGADO_CONCURSADO_AUX;

Sinônimo criado.

IFRDBA no BDSEDE122 >CREATE PUBLIC SYNONYM EMPREGADOS_DIREITO_FERIAS FOR VAX_RDB.EMPREGADOS_DIREITO_FERIAS;

Sinônimo criado.

IFRDBA no BDSEDE122 >CREATE PUBLIC SYNONYM EMPREGADO_ESTRANGEIRO FOR VAX_RDB.EMPREGADO_ESTRANGEIRO;

Sinônimo criado.

IFRDBA no BDSEDE122 >CREATE PUBLIC SYNONYM ENCARGOS_SOCIAIS_INFRAERO FOR VAX_RDB.ENCARGOS_SOCIAIS_INFRAERO;

Sinônimo criado.

IFRDBA no BDSEDE122 >CREATE PUBLIC SYNONYM EMPREGADO_TASA FOR VAX_RDB.EMPREGADO_TASA;

Sinônimo criado.

IFRDBA no BDSEDE122 >CREATE PUBLIC SYNONYM EDITAIS_CONCURSO_PUBLICO FOR VAX_RDB.EDITAIS_CONCURSO_PUBLICO;

Sinônimo criado.

IFRDBA no BDSEDE122 >CREATE PUBLIC SYNONYM EMPREGADO_CONCURSADO FOR VAX_RDB.EMPREGADO_CONCURSADO;

Sinônimo criado.

IFRDBA no BDSEDE122 >CREATE PUBLIC SYNONYM DEPARA_CARGO_PCCS FOR VAX_RDB.DEPARA_CARGO_PCCS;

Sinônimo criado.

IFRDBA no BDSEDE122 >CREATE PUBLIC SYNONYM DEPENDENTES_EMPREGADO FOR VAX_RDB.DEPENDENTES_EMPREGADO;

Sinônimo criado.

IFRDBA no BDSEDE122 >CREATE PUBLIC SYNONYM DEPENDENCIA_SINONIMO_INSS FOR VAX_RDB.DEPENDENCIA_SINONIMO_INSS;

Sinônimo criado.

IFRDBA no BDSEDE122 >CREATE PUBLIC SYNONYM EMPREGADO_BENEFICIO_INSS FOR VAX_RDB.EMPREGADO_BENEFICIO_INSS;

Sinônimo criado.

IFRDBA no BDSEDE122 >CREATE PUBLIC SYNONYM DOC_OPCIONAL_2_EMPREGADO FOR VAX_RDB.DOC_OPCIONAL_2_EMPREGADO;

Sinônimo criado.

IFRDBA no BDSEDE122 >CREATE PUBLIC SYNONYM DOC_OPCIONAL_1_EMPREGADO FOR VAX_RDB.DOC_OPCIONAL_1_EMPREGADO;

Sinônimo criado.

IFRDBA no BDSEDE122 >CREATE PUBLIC SYNONYM DOC_OBRIGATORIOS_EMPREGADO FOR VAX_RDB.DOC_OBRIGATORIOS_EMPREGADO;

Sinônimo criado.

IFRDBA no BDSEDE122 >CREATE PUBLIC SYNONYM CURSOS_ESTAGIARIO FOR VAX_RDB.CURSOS_ESTAGIARIO;

Sinônimo criado.

IFRDBA no BDSEDE122 >CREATE PUBLIC SYNONYM CONVITE_LICITACAO_OBSERVACAO FOR VAX_RDB.CONVITE_LICITACAO_OBSERVACAO;

Sinônimo criado.

IFRDBA no BDSEDE122 >CREATE PUBLIC SYNONYM CENTRO_CUSTOS_LOTACAO FOR VAX_RDB.CENTRO_CUSTOS_LOTACAO;

Sinônimo criado.

IFRDBA no BDSEDE122 >CREATE PUBLIC SYNONYM CENTRO_CUSTOS_DEPENDENCIA FOR VAX_RDB.CENTRO_CUSTOS_DEPENDENCIA;

Sinônimo criado.

IFRDBA no BDSEDE122 >CREATE PUBLIC SYNONYM CARGO_LOCALIDADE_CONCURSO FOR VAX_RDB.CARGO_LOCALIDADE_CONCURSO;

Sinônimo criado.

IFRDBA no BDSEDE122 >CREATE PUBLIC SYNONYM DESENVOLVIMENTO_CAFOR FOR VAX_RDB.DESENVOLVIMENTO_CAFOR;

Sinônimo criado.

IFRDBA no BDSEDE122 >CREATE PUBLIC SYNONYM CRC FOR VAX_RDB.CRC;

Sinônimo criado.

IFRDBA no BDSEDE122 >CREATE PUBLIC SYNONYM DESCRICAO_TRIAGEM_SOLICITANTE FOR VAX_RDB.DESCRICAO_TRIAGEM_SOLICITANTE;

Sinônimo criado.

IFRDBA no BDSEDE122 >CREATE PUBLIC SYNONYM DEPARA_PADRAO_PCCS FOR VAX_RDB.DEPARA_PADRAO_PCCS;

Sinônimo criado.

IFRDBA no BDSEDE122 >CREATE PUBLIC SYNONYM DESCRICAO_TRIAGEM_RH FOR VAX_RDB.DESCRICAO_TRIAGEM_RH;

Sinônimo criado.

IFRDBA no BDSEDE122 >CREATE PUBLIC SYNONYM DESCRICAO_ATIVIDADE_ESTAGIO FOR VAX_RDB.DESCRICAO_ATIVIDADE_ESTAGIO;

Sinônimo criado.

IFRDBA no BDSEDE122 >CREATE PUBLIC SYNONYM AVALIACOES_EMPREGADOS FOR VAX_RDB.AVALIACOES_EMPREGADOS;

Sinônimo criado.

IFRDBA no BDSEDE122 >CREATE PUBLIC SYNONYM AVALIACAO_MERITO_EMPREGADO FOR VAX_RDB.AVALIACAO_MERITO_EMPREGADO;

Sinônimo criado.

IFRDBA no BDSEDE122 >CREATE PUBLIC SYNONYM CARACTERISTICA_EMPREGADO FOR VAX_RDB.CARACTERISTICA_EMPREGADO;

Sinônimo criado.

IFRDBA no BDSEDE122 >CREATE PUBLIC SYNONYM BENEFICIARIO_MIN_SAUDE FOR VAX_RDB.BENEFICIARIO_MIN_SAUDE;

Sinônimo criado.

IFRDBA no BDSEDE122 >CREATE PUBLIC SYNONYM CANDIDATO_APROVADO_CONCURSO FOR VAX_RDB.CANDIDATO_APROVADO_CONCURSO;

Sinônimo criado.

IFRDBA no BDSEDE122 >CREATE PUBLIC SYNONYM ANOTACOES_EMPREGADO FOR VAX_RDB.ANOTACOES_EMPREGADO;

Sinônimo criado.

IFRDBA no BDSEDE122 >CREATE PUBLIC SYNONYM ALMOXARIFADO_DEPENDENCIA FOR VAX_RDB.ALMOXARIFADO_DEPENDENCIA;

Sinônimo criado.

IFRDBA no BDSEDE122 >CREATE PUBLIC SYNONYM REMUNERACAO_FINAL FOR VAX_RDB.REMUNERACAO_FINAL;
CREATE PUBLIC SYNONYM REMUNERACAO_FINAL FOR VAX_RDB.REMUNERACAO_FINAL
                      *
ERRO na linha 1:
ORA-00955: name is already used by an existing object 


IFRDBA no BDSEDE122 >CREATE PUBLIC SYNONYM PAGAMENTO_CALCULADO_FINAL FOR VAX_RDB.PAGAMENTO_CALCULADO_FINAL;
CREATE PUBLIC SYNONYM PAGAMENTO_CALCULADO_FINAL FOR VAX_RDB.PAGAMENTO_CALCULADO_FINAL
                      *
ERRO na linha 1:
ORA-00955: name is already used by an existing object 


IFRDBA no BDSEDE122 >CREATE PUBLIC SYNONYM AVALIACAO_DESEMPENHO_EMPREGADO FOR VAX_RDB.AVALIACAO_DESEMPENHO_EMPREGADO;

Sinônimo criado.

IFRDBA no BDSEDE122 >CREATE PUBLIC SYNONYM AVALIACAO_POTENCIAL_EMPREGADO FOR VAX_RDB.AVALIACAO_POTENCIAL_EMPREGADO;

Sinônimo criado.

IFRDBA no BDSEDE122 >CREATE PUBLIC SYNONYM PENSIONISTA_EMPREGADO FOR VAX_RDB.PENSIONISTA_EMPREGADO;

Sinônimo criado.

IFRDBA no BDSEDE122 >CREATE PUBLIC SYNONYM PERFIL_USUARIO FOR VAX_RDB.PERFIL_USUARIO;

Sinônimo criado.

IFRDBA no BDSEDE122 >CREATE PUBLIC SYNONYM PDIN2 FOR VAX_RDB.PDIN2;

Sinônimo criado.

IFRDBA no BDSEDE122 >CREATE PUBLIC SYNONYM OCUPACAO_ATUACAO_CARGO FOR VAX_RDB.OCUPACAO_ATUACAO_CARGO;

Sinônimo criado.

IFRDBA no BDSEDE122 >CREATE PUBLIC SYNONYM NOME_COMPLETO_EMPREGADO FOR VAX_RDB.NOME_COMPLETO_EMPREGADO;

Sinônimo criado.

IFRDBA no BDSEDE122 >CREATE PUBLIC SYNONYM NIVEL_ATUACAO_EMPREGADO FOR VAX_RDB.NIVEL_ATUACAO_EMPREGADO;

Sinônimo criado.

IFRDBA no BDSEDE122 >CREATE PUBLIC SYNONYM LOTACAO_AREAS_ATUACAO FOR VAX_RDB.LOTACAO_AREAS_ATUACAO;

Sinônimo criado.

IFRDBA no BDSEDE122 >CREATE PUBLIC SYNONYM NIVEL_ATUACAO_EMPR_DONA FOR VAX_RDB.NIVEL_ATUACAO_EMPR_DONA;

Sinônimo criado.

IFRDBA no BDSEDE122 >CREATE PUBLIC SYNONYM IMPEDIMENTOS_PROPOSTA_PROMOCAO FOR VAX_RDB.IMPEDIMENTOS_PROPOSTA_PROMOCAO;

Sinônimo criado.

IFRDBA no BDSEDE122 >CREATE PUBLIC SYNONYM HIST_REQUISICAO_EMPREGADO FOR VAX_RDB.HIST_REQUISICAO_EMPREGADO;

Sinônimo criado.

IFRDBA no BDSEDE122 >CREATE PUBLIC SYNONYM INDICES_ECONOMICOS FOR VAX_RDB.INDICES_ECONOMICOS;

Sinônimo criado.

IFRDBA no BDSEDE122 >CREATE PUBLIC SYNONYM PDIN FOR VAX_RDB.PDIN;

Sinônimo criado.

IFRDBA no BDSEDE122 >CREATE PUBLIC SYNONYM ITENS_AVALIACAO_EMPREGADO FOR VAX_RDB.ITENS_AVALIACAO_EMPREGADO;

Sinônimo criado.

IFRDBA no BDSEDE122 >CREATE PUBLIC SYNONYM HIST_LOTACAO_EMPREGADO_AUX FOR VAX_RDB.HIST_LOTACAO_EMPREGADO_AUX;

Sinônimo criado.

IFRDBA no BDSEDE122 >CREATE PUBLIC SYNONYM HIST_PROMOCAO_EMPREGADO FOR VAX_RDB.HIST_PROMOCAO_EMPREGADO;

Sinônimo criado.

IFRDBA no BDSEDE122 >CREATE PUBLIC SYNONYM HIST_OCUP_ATUA_EMPREGADO FOR VAX_RDB.HIST_OCUP_ATUA_EMPREGADO;

Sinônimo criado.

IFRDBA no BDSEDE122 >CREATE PUBLIC SYNONYM HIST_OPCAO_GRATIF_EMPREGADO FOR VAX_RDB.HIST_OPCAO_GRATIF_EMPREGADO;

Sinônimo criado.

IFRDBA no BDSEDE122 >CREATE PUBLIC SYNONYM HIST_NIVEL_PADRAO_EMPREGADO FOR VAX_RDB.HIST_NIVEL_PADRAO_EMPREGADO;

Sinônimo criado.

IFRDBA no BDSEDE122 >CREATE PUBLIC SYNONYM HIST_FUNC_CONFIANCA_EMPREGADO FOR VAX_RDB.HIST_FUNC_CONFIANCA_EMPREGADO;

Sinônimo criado.

IFRDBA no BDSEDE122 >CREATE PUBLIC SYNONYM HIST_FUNC_CONFIANCA_AUX FOR VAX_RDB.HIST_FUNC_CONFIANCA_AUX;

Sinônimo criado.

IFRDBA no BDSEDE122 >CREATE PUBLIC SYNONYM HIST_LOTACAO_EMPREGADO FOR VAX_RDB.HIST_LOTACAO_EMPREGADO;

Sinônimo criado.

IFRDBA no BDSEDE122 >CREATE PUBLIC SYNONYM HIST_FAIX_APOS_EXPOS_AGT_NOCIV FOR VAX_RDB.HIST_FAIX_APOS_EXPOS_AGT_NOCIV;

Sinônimo criado.

IFRDBA no BDSEDE122 >CREATE PUBLIC SYNONYM HIST_FERIAS_EMPREGADO FOR VAX_RDB.HIST_FERIAS_EMPREGADO;

Sinônimo criado.

IFRDBA no BDSEDE122 >CREATE PUBLIC SYNONYM HIST_CATEG_PADRAO_EMPREGADO FOR VAX_RDB.HIST_CATEG_PADRAO_EMPREGADO;

Sinônimo criado.

IFRDBA no BDSEDE122 >CREATE PUBLIC SYNONYM REMUNERACAO_2110 FOR VAX_RDB.REMUNERACAO_2110;
CREATE PUBLIC SYNONYM REMUNERACAO_2110 FOR VAX_RDB.REMUNERACAO_2110
                      *
ERRO na linha 1:
ORA-00955: name is already used by an existing object 


IFRDBA no BDSEDE122 >CREATE PUBLIC SYNONYM PROV_DESC_FIXOS_2110 FOR VAX_RDB.PROV_DESC_FIXOS_2110;

Sinônimo criado.

IFRDBA no BDSEDE122 >CREATE PUBLIC SYNONYM PATROCINADORA_INFRAPREV_2110 FOR VAX_RDB.PATROCINADORA_INFRAPREV_2110;

Sinônimo criado.

IFRDBA no BDSEDE122 >CREATE PUBLIC SYNONYM PAGAMENTO_CALCULADO_2110 FOR VAX_RDB.PAGAMENTO_CALCULADO_2110;
CREATE PUBLIC SYNONYM PAGAMENTO_CALCULADO_2110 FOR VAX_RDB.PAGAMENTO_CALCULADO_2110
                      *
ERRO na linha 1:
ORA-00955: name is already used by an existing object 


IFRDBA no BDSEDE122 >CREATE PUBLIC SYNONYM LOG_REMUNERACAO_2110 FOR VAX_RDB.LOG_REMUNERACAO_2110;

Sinônimo criado.

IFRDBA no BDSEDE122 >CREATE PUBLIC SYNONYM HIST_DEPENDENCIA_EMPREGADO FOR VAX_RDB.HIST_DEPENDENCIA_EMPREGADO;

Sinônimo criado.

IFRDBA no BDSEDE122 >CREATE PUBLIC SYNONYM HIST_CUSTOS_EMPREGADO FOR VAX_RDB.HIST_CUSTOS_EMPREGADO;

Sinônimo criado.

IFRDBA no BDSEDE122 >CREATE PUBLIC SYNONYM PAGAMENTO_2110 FOR VAX_RDB.PAGAMENTO_2110;

Sinônimo criado.

IFRDBA no BDSEDE122 >CREATE PUBLIC SYNONYM HIST_DEPENDENCIA_EMPREGADO_AUX FOR VAX_RDB.HIST_DEPENDENCIA_EMPREGADO_AUX;

Sinônimo criado.

IFRDBA no BDSEDE122 >CREATE PUBLIC SYNONYM HIST_AFAST_EMPREGADO FOR VAX_RDB.HIST_AFAST_EMPREGADO;

Sinônimo criado.

IFRDBA no BDSEDE122 >CREATE PUBLIC SYNONYM LOG_PAGAMENTO_2110 FOR VAX_RDB.LOG_PAGAMENTO_2110;

Sinônimo criado.

IFRDBA no BDSEDE122 >CREATE PUBLIC SYNONYM FORNECEDOR_PONTUACAO_SEF FOR VAX_RDB.FORNECEDOR_PONTUACAO_SEF;

Sinônimo criado.

IFRDBA no BDSEDE122 >CREATE PUBLIC SYNONYM FORNECEDOR_GRUPO_CLASSE FOR VAX_RDB.FORNECEDOR_GRUPO_CLASSE;

Sinônimo criado.

IFRDBA no BDSEDE122 >CREATE PUBLIC SYNONYM FORNECEDOR_DESEMPENHO FOR VAX_RDB.FORNECEDOR_DESEMPENHO;

Sinônimo criado.

IFRDBA no BDSEDE122 >CREATE PUBLIC SYNONYM HIST_CARGO_EMPREGADO FOR VAX_RDB.HIST_CARGO_EMPREGADO;

Sinônimo criado.

IFRDBA no BDSEDE122 >CREATE PUBLIC SYNONYM HIST_FUNCIONAL_EMPREGADO FOR VAX_RDB.HIST_FUNCIONAL_EMPREGADO;

Sinônimo criado.

IFRDBA no BDSEDE122 >CREATE PUBLIC SYNONYM GRUPO_FUNCAO_CONF_EMPREGADO FOR VAX_RDB.GRUPO_FUNCAO_CONF_EMPREGADO;

Sinônimo criado.

IFRDBA no BDSEDE122 >CREATE PUBLIC SYNONYM FORNECEDOR_RESP_LEGAL FOR VAX_RDB.FORNECEDOR_RESP_LEGAL;

Sinônimo criado.

IFRDBA no BDSEDE122 >CREATE PUBLIC SYNONYM ENCARGOS_DEPENDENCIAS_2110 FOR VAX_RDB.ENCARGOS_DEPENDENCIAS_2110;

Sinônimo criado.

IFRDBA no BDSEDE122 >CREATE PUBLIC SYNONYM TAB_IAPAS_2110 FOR VAX_RDB.TAB_IAPAS_2110;

Sinônimo criado.

IFRDBA no BDSEDE122 >CREATE PUBLIC SYNONYM TAB_IRRF_2110 FOR VAX_RDB.TAB_IRRF_2110;
CREATE PUBLIC SYNONYM TAB_IRRF_2110 FOR VAX_RDB.TAB_IRRF_2110
                      *
ERRO na linha 1:
ORA-00955: name is already used by an existing object 


IFRDBA no BDSEDE122 >CREATE PUBLIC SYNONYM ALIMENTACAO_2110 FOR VAX_RDB.ALIMENTACAO_2110;

Sinônimo criado.

IFRDBA no BDSEDE122 >
IFRDBA no BDSEDE122 >177 linhas selecionadas.
IFRDBA no BDSEDE122 >
IFRDBA no BDSEDE122 >VAX_RDB no BDSEDE122 >SPO OFF
SP2-0734: início de comando desconhecido "VAX_RDB no..." - restante da linha ignorado.
IFRDBA no BDSEDE122 >
IFRDBA no BDSEDE122 >SPO OFF
