
Username    SID Term   Table Name                     COMMAND                   Lock Held            Lock Requested       ID1 - ID2          Lock Type                                                  
---------- ---- ------ ------------------------------ ------------------------- -------------------- -------------------- ------------------ ----------------------------------------                   
I0574916    114 ADGL00 None                           BACKGROUND                Row Share            NONE                 47065-0            TM - DML enqueue lock                                      
                9                                                                                                                                                                                       
                                                                                                                                                                                                        
                       None                           BACKGROUND                Exclusive            NONE                 917574-75788       TX - Transaction enqueue lock                              
I2399892    135 ADGR18 None                           BACKGROUND                Exclusive            NONE                 196703-74375       TX - Transaction enqueue lock                              
                4924                                                                                                                                                                                    
                                                                                                                                                                                                        
I2411256    310 ADGR10 None                           BACKGROUND                Exclusive            NONE                 458771-74927       TX - Transaction enqueue lock                              
                219296                                                                                                                                                                                  
                                                                                                                                                                                                        
I3402839    354 FZ0058 None                           BACKGROUND                Exclusive            NONE                 852037-75126       TX - Transaction enqueue lock                              
                945                                                                                                                                                                                     
                                                                                                                                                                                                        
I3625126     65 1-0198 None                           BACKGROUND                Exclusive            NONE                 524334-71622       TX - Transaction enqueue lock                              
                094                                                                                                                                                                                     
                                                                                                                                                                                                        
I4193711    301 ADBE2- None                           BACKGROUND                Row Share            NONE                 42683-0            TM - DML enqueue lock                                      
                007                                                                                                                                                                                     
                                                                                                                                                                                                        
                       None                           BACKGROUND                Exclusive            NONE                 589871-72873       TX - Transaction enqueue lock                              
I4740122     94 CNPA04 IFRDBA2.ORDEM_SERVICO          SELECT                    Row Share            NONE                 22088-0            TM - DML enqueue lock                                      
                16                                                                                                                                                                                      
                                                                                                                                                                                                        
                       None                           SELECT                    Exclusive            NONE                 262164-75624       TX - Transaction enqueue lock                              
I6031342     29 BHAF02 None                           BACKGROUND                Exclusive            NONE                 327714-75973       TX - Transaction enqueue lock                              
I6339990    122 KPAD10 None                           BACKGROUND                Row Share            NONE                 22109-0            TM - DML enqueue lock                                      
                201327                                                                                                                                                                                  
                                                                                                                                                                                                        
                       None                           BACKGROUND                Exclusive            NONE                 458833-74933       TX - Transaction enqueue lock                              
I9081010    248 ADGL05 None                           BACKGROUND                Exclusive            NONE                 131169-75203       TX - Transaction enqueue lock                              
                5                                                                                                                                                                                       
                                                                                                                                                                                                        
I9437973    129 RF2318 None                           BACKGROUND                Row Share            NONE                 22109-0            TM - DML enqueue lock                                      
                05                                                                                                                                                                                      
                                                                                                                                                                                                        
                       None                           BACKGROUND                Exclusive            NONE                 65557-42807        TX - Transaction enqueue lock                              
I9588945    249 CNPA04 None                           BACKGROUND                Exclusive            NONE                 720975-74004       TX - Transaction enqueue lock                              
                19                                                                                                                                                                                      
                                                                                                                                                                                                        
I9862172    220 ADGR10 None                           BACKGROUND                Exclusive            NONE                 65566-42810        TX - Transaction enqueue lock                              
                147807                                                                                                                                                                                  
                                                                                                                                                                                                        
I9882458    123 DARH6- IFRSRH2.LOG_MOVIMENTACAO       SELECT                    Row Exclusive        NONE                 42671-0            TM - DML enqueue lock                                      
                01                                                                                                                                                                                      
                                                                                                                                                                                                        
                       None                           SELECT                    Exclusive            NONE                 393288-71518       TX - Transaction enqueue lock                              
                       IFRSRH2.MOVIMENTACAO           SELECT                    Row Exclusive        NONE                 42679-0            TM - DML enqueue lock                                      
I9901978     70 ADGR10 None                           BACKGROUND                Exclusive            NONE                 720906-74005       TX - Transaction enqueue lock                              
                216180                                                                                                                                                                                  
                                                                                                                                                                                                        
I9905574     63 BHAF19 IFRDBA2.REQUISICAO_COMPRA_IT   UPDATE                    Row Exclusive        NONE                 22129-0            TM - DML enqueue lock                                      
                       None                           UPDATE                    Exclusive            NONE                 786445-76200       TX - Transaction enqueue lock                              
I9929260    174 pa0224 None                           BACKGROUND                Exclusive            NONE                 655400-75413       TX - Transaction enqueue lock                              
                884                                                                                                                                                                                     
                                                                                                                                                                                                        

25 linhas selecionadas.

Entrada truncada para 7 caracteres
