
                                                                               Locks by users (except type MR and RT) by                                                                                
-                                                                                                                                                                                                       
Username    SID Term   Table Name                     COMMAND                   Lock Held            Lock Requested       ID1 - ID2          Lock Type                                                  
---------- ---- ------ ------------------------------ ------------------------- -------------------- -------------------- ------------------ ----------------------------------------                   
CTIS0896     48 PRSI11 None                           BACKGROUND                Share                NONE                 22522-0            TM - DML enqueue lock                                      
                       None                           BACKGROUND                Share                NONE                 22526-0            TM - DML enqueue lock                                      
                       None                           BACKGROUND                Share                NONE                 22624-0            TM - DML enqueue lock                                      
                       None                           BACKGROUND                Share                NONE                 29950-0            TM - DML enqueue lock                                      
                       None                           BACKGROUND                Share                NONE                 22674-0            TM - DML enqueue lock                                      
                       None                           BACKGROUND                Share                NONE                 22519-0            TM - DML enqueue lock                                      
                       None                           BACKGROUND                Row Exclusive        NONE                 22577-0            TM - DML enqueue lock                                      
                       None                           BACKGROUND                Share                NONE                 22752-0            TM - DML enqueue lock                                      
                       None                           BACKGROUND                Share                NONE                 22620-0            TM - DML enqueue lock                                      
                       None                           BACKGROUND                Exclusive            NONE                 393231-47345       TX - Transaction enqueue lock                              
I0648225    197 ADGL01 None                           BACKGROUND                Exclusive            NONE                 1966089-28422      TX - Transaction enqueue lock                              
                0                                                                                                                                                                                       
I0704542    311 ADGL10 None                           BACKGROUND                Share                NONE                 22663-0            TM - DML enqueue lock                                      
                6A                                                                                                                                                                                      
                       None                           BACKGROUND                Share                NONE                 22725-0            TM - DML enqueue lock                                      
                       None                           BACKGROUND                Share                NONE                 22659-0            TM - DML enqueue lock                                      
                       None                           BACKGROUND                Row Share            NONE                 22554-0            TM - DML enqueue lock                                      
                       None                           BACKGROUND                Share                NONE                 22599-0            TM - DML enqueue lock                                      
                       None                           BACKGROUND                Share                NONE                 22544-0            TM - DML enqueue lock                                      
                       None                           BACKGROUND                Exclusive            NONE                 786476-51076       TX - Transaction enqueue lock                              
                       None                           BACKGROUND                Share                NONE                 22503-0            TM - DML enqueue lock                                      
                       None                           BACKGROUND                Share                NONE                 22555-0            TM - DML enqueue lock                                      
                       None                           BACKGROUND                Share                NONE                 28795-0            TM - DML enqueue lock                                      
                       None                           BACKGROUND                NONE                 Share                22521-0            TM - DML enqueue lock                                      
                       None                           BACKGROUND                Share                NONE                 22647-0            TM - DML enqueue lock                                      
                       None                           BACKGROUND                Share                NONE                 22498-0            TM - DML enqueue lock                                      
I3625126    153 GOAF01 None                           BACKGROUND                Row Share            NONE                 22693-0            TM - DML enqueue lock                                      
                2                                                                                                                                                                                       
                       None                           BACKGROUND                Exclusive            NONE                 327767-50590       TX - Transaction enqueue lock                              
I8001832    252 SBUR00 None                           BACKGROUND                Exclusive            NONE                 917568-49348       TX - Transaction enqueue lock                              
                8                                                                                                                                                                                       
I9059195    343 BHRC07 None                           BACKGROUND                Row Share            NONE                 21977-0            TM - DML enqueue lock                                      
                       None                           BACKGROUND                Exclusive            NONE                 655435-51645       TX - Transaction enqueue lock                              
I9529770    347 SBSP10 None                           BACKGROUND                Row Exclusive        NONE                 22572-0            TM - DML enqueue lock                                      
                233908                                                                                                                                                                                  
                       None                           BACKGROUND                Exclusive            NONE                 720968-49704       TX - Transaction enqueue lock                              
I9634188    240 KPAD10 None                           BACKGROUND                Row Share            NONE                 22088-0            TM - DML enqueue lock                                      
                149201                                                                                                                                                                                  
                       None                           BACKGROUND                Exclusive            NONE                 589917-49745       TX - Transaction enqueue lock                              
I9751380    187 KPAD10 None                           BACKGROUND                Row Share            NONE                 22704-0            TM - DML enqueue lock                                      
                201322                                                                                                                                                                                  
                       None                           BACKGROUND                Exclusive            NONE                 458754-49654       TX - Transaction enqueue lock                              
I9751380    271 KPAD10 None                           BACKGROUND                Row Share            NONE                 22704-0            TM - DML enqueue lock                                      
                166849                                                                                                                                                                                  
                       None                           BACKGROUND                Exclusive            NONE                 2031634-29643      TX - Transaction enqueue lock                              
I9751380    346 KPAD10 None                           BACKGROUND                Exclusive            NONE                 196615-47730       TX - Transaction enqueue lock                              
                166850                                                                                                                                                                                  
I9758457    211 DARH1- None                           BACKGROUND                Exclusive            NONE                 131085-49585       TX - Transaction enqueue lock                              
                09                                                                                                                                                                                      
I9917564    275 ADBR10 None                           BACKGROUND                Row Share            Row Exclusive        22522-0            TM - DML enqueue lock                                      
                3                                                                                                                                                                                       
                       None                           BACKGROUND                Exclusive            NONE                 983057-48401       TX - Transaction enqueue lock                              
Entrada truncada para 8 caracteres
